--- Log File Created: 2026-04-30 04:15:26 ---
[2026-04-30 04:27:19] [ID: 1631641597] Sensor 1631641597 status successfully updated to: 3.552616
[2026-04-30 04:27:24] [ID: 1631641597] Sensor 1631641597 status successfully updated to: 7.809124
[2026-04-30 04:27:29] [ID: 1631641597] Sensor 1631641597 status successfully updated to: 8.520084
[2026-04-30 05:01:58] [ID: 0000000001] Token validation failed for Sensor ID: 0000000001
[2026-04-30 05:04:19] [ID: 0000000001] Token validation failed for Sensor ID: 0000000001
[2026-04-30 05:04:22] [ID: 0000000001] Token validation failed for Sensor ID: 0000000001
[2026-04-30 05:05:13] [ID: 0000000001] Token validation failed for Sensor ID: 0000000001
[2026-04-30 05:08:52] [ID: 0000000001] readings were sent
[2026-04-30 05:08:57] [ID: 0] user information was wrong
[2026-04-30 05:09:02] [ID: 0] user information was wrong
[2026-04-30 05:09:07] [ID: 0] user information was wrong
[2026-04-30 05:09:12] [ID: 0] user information was wrong
[2026-04-30 05:09:17] [ID: 0] user information was wrong
[2026-04-30 05:09:22] [ID: 0] user information was wrong
[2026-04-30 05:09:27] [ID: 0] user information was wrong
[2026-04-30 05:09:32] [ID: 0] user information was wrong
[2026-04-30 05:20:13] [ID: 0000000001] readings were sent
[2026-04-30 05:20:18] [ID: 0] user information was wrong
[2026-04-30 05:20:23] [ID: 0] user information was wrong
[2026-04-30 05:20:28] [ID: 0] user information was wrong
[2026-04-30 05:20:33] [ID: 0] user information was wrong
[2026-04-30 05:20:38] [ID: 0] user information was wrong
[2026-04-30 05:20:43] [ID: 0] user information was wrong
[2026-04-30 05:20:48] [ID: 0] user information was wrong
[2026-04-30 05:21:25] [ID: 0000000001] readings were sent
[2026-04-30 05:21:30] [ID: 0] user information was wrong
[2026-04-30 05:21:35] [ID: 0] user information was wrong
[2026-04-30 05:21:40] [ID: 0] user information was wrong
[2026-04-30 05:21:45] [ID: 0] user information was wrong
[2026-04-30 05:21:50] [ID: 0] user information was wrong
[2026-04-30 05:23:22] [ID: 0000000001] readings were sent
[2026-04-30 05:23:27] [ID: 0] user information was wrong
[2026-04-30 05:23:32] [ID: 0] user information was wrong
[2026-04-30 05:23:37] [ID: 0] user information was wrong
[2026-04-30 05:23:42] [ID: 0] user information was wrong
[2026-04-30 05:23:47] [ID: 0] user information was wrong
[2026-04-30 05:23:52] [ID: 0] user information was wrong
[2026-04-30 05:23:57] [ID: 0] user information was wrong
[2026-04-30 05:24:02] [ID: 0] user information was wrong
[2026-04-30 05:24:07] [ID: 0] user information was wrong
[2026-04-30 05:24:12] [ID: 0] user information was wrong
[2026-04-30 05:24:17] [ID: 0] user information was wrong
[2026-04-30 05:24:22] [ID: 0] user information was wrong
[2026-04-30 05:24:27] [ID: 0] user information was wrong
[2026-04-30 05:24:32] [ID: 0] user information was wrong
[2026-04-30 05:24:37] [ID: 0] user information was wrong
[2026-04-30 05:24:42] [ID: 0] user information was wrong
[2026-04-30 05:24:47] [ID: 0] user information was wrong
[2026-04-30 05:24:52] [ID: 0] user information was wrong
[2026-04-30 05:24:57] [ID: 0] user information was wrong
[2026-04-30 05:25:02] [ID: 0] user information was wrong
[2026-04-30 05:25:07] [ID: 0] user information was wrong
[2026-04-30 05:25:12] [ID: 0] user information was wrong
[2026-04-30 05:25:17] [ID: 0] user information was wrong
[2026-04-30 05:25:22] [ID: 0] user information was wrong
[2026-04-30 05:25:27] [ID: 0] user information was wrong
[2026-04-30 05:25:32] [ID: 0] user information was wrong
[2026-04-30 05:25:37] [ID: 0] user information was wrong
[2026-04-30 05:25:42] [ID: 0] user information was wrong
[2026-04-30 05:25:47] [ID: 0] user information was wrong
[2026-04-30 05:25:52] [ID: 0] user information was wrong
[2026-04-30 05:25:57] [ID: 0] user information was wrong
[2026-04-30 05:26:02] [ID: 0] user information was wrong
[2026-04-30 05:26:07] [ID: 0] user information was wrong
[2026-04-30 05:26:12] [ID: 0] user information was wrong
[2026-04-30 05:26:17] [ID: 0] user information was wrong
[2026-04-30 05:26:22] [ID: 0] user information was wrong
[2026-04-30 05:26:27] [ID: 0] user information was wrong
[2026-04-30 05:26:32] [ID: 0] user information was wrong
[2026-04-30 05:26:37] [ID: 0] user information was wrong
[2026-04-30 05:26:42] [ID: 0] user information was wrong
[2026-04-30 05:26:47] [ID: 0] user information was wrong
[2026-04-30 05:26:52] [ID: 0] user information was wrong
[2026-04-30 05:26:57] [ID: 0] user information was wrong
[2026-04-30 05:27:02] [ID: 0] user information was wrong
[2026-04-30 05:27:07] [ID: 0] user information was wrong
[2026-04-30 05:27:12] [ID: 0] user information was wrong
[2026-04-30 05:27:17] [ID: 0] user information was wrong
[2026-04-30 05:27:22] [ID: 0] user information was wrong
[2026-04-30 05:27:27] [ID: 0] user information was wrong
[2026-04-30 05:27:32] [ID: 0] user information was wrong
[2026-04-30 05:27:37] [ID: 0] user information was wrong
[2026-04-30 05:27:42] [ID: 0] user information was wrong
[2026-04-30 05:27:47] [ID: 0] user information was wrong
[2026-04-30 05:27:52] [ID: 0] user information was wrong
[2026-04-30 05:27:57] [ID: 0] user information was wrong
[2026-04-30 05:28:02] [ID: 0] user information was wrong
[2026-04-30 05:28:07] [ID: 0] user information was wrong
[2026-04-30 05:28:12] [ID: 0] user information was wrong
[2026-04-30 05:28:17] [ID: 0] user information was wrong
[2026-04-30 05:28:22] [ID: 0] user information was wrong
[2026-04-30 05:28:27] [ID: 0] user information was wrong
[2026-04-30 05:28:32] [ID: 0] user information was wrong
[2026-04-30 05:28:37] [ID: 0] user information was wrong
[2026-04-30 05:28:42] [ID: 0] user information was wrong
[2026-04-30 05:28:47] [ID: 0] user information was wrong
[2026-04-30 05:28:52] [ID: 0] user information was wrong
[2026-04-30 05:28:57] [ID: 0] user information was wrong
[2026-04-30 05:29:02] [ID: 0] user information was wrong
[2026-04-30 05:29:07] [ID: 0] user information was wrong
[2026-04-30 05:29:12] [ID: 0] user information was wrong
[2026-04-30 05:29:17] [ID: 0] user information was wrong
[2026-04-30 05:29:22] [ID: 0] user information was wrong
[2026-04-30 05:29:27] [ID: 0] user information was wrong
[2026-04-30 05:29:32] [ID: 0] user information was wrong
[2026-04-30 05:29:37] [ID: 0] user information was wrong
[2026-04-30 05:29:42] [ID: 0] user information was wrong
[2026-04-30 05:29:47] [ID: 0] user information was wrong
[2026-04-30 05:29:53] [ID: 0] user information was wrong
[2026-04-30 05:29:58] [ID: 0] user information was wrong
[2026-04-30 05:30:03] [ID: 0] user information was wrong
[2026-04-30 05:30:08] [ID: 0] user information was wrong
[2026-04-30 05:30:13] [ID: 0] user information was wrong
[2026-04-30 05:30:18] [ID: 0] user information was wrong
[2026-04-30 05:30:23] [ID: 0] user information was wrong
[2026-04-30 05:30:28] [ID: 0] user information was wrong
[2026-04-30 05:30:33] [ID: 0] user information was wrong
[2026-04-30 05:30:38] [ID: 0] user information was wrong
[2026-04-30 05:30:43] [ID: 0] user information was wrong
[2026-04-30 05:30:48] [ID: 0] user information was wrong
[2026-04-30 05:30:53] [ID: 0] user information was wrong
[2026-04-30 05:30:58] [ID: 0] user information was wrong
[2026-04-30 05:31:03] [ID: 0] user information was wrong
[2026-04-30 05:31:08] [ID: 0] user information was wrong
[2026-04-30 05:31:13] [ID: 0] user information was wrong
[2026-04-30 05:31:18] [ID: 0] user information was wrong
[2026-04-30 05:31:23] [ID: 0] user information was wrong
[2026-04-30 05:31:28] [ID: 0] user information was wrong
[2026-04-30 05:31:33] [ID: 0] user information was wrong
[2026-04-30 05:31:38] [ID: 0] user information was wrong
[2026-04-30 05:31:43] [ID: 0] user information was wrong
[2026-04-30 05:31:48] [ID: 0] user information was wrong
[2026-04-30 05:31:53] [ID: 0] user information was wrong
[2026-04-30 05:31:58] [ID: 0] user information was wrong
[2026-04-30 05:32:03] [ID: 0] user information was wrong
[2026-04-30 05:32:08] [ID: 0] user information was wrong
[2026-04-30 05:32:13] [ID: 0] user information was wrong
[2026-04-30 05:32:18] [ID: 0] user information was wrong
[2026-04-30 05:32:23] [ID: 0] user information was wrong
[2026-04-30 05:32:28] [ID: 0] user information was wrong
[2026-04-30 05:32:33] [ID: 0] user information was wrong
[2026-04-30 05:32:38] [ID: 0] user information was wrong
[2026-04-30 05:32:43] [ID: 0] user information was wrong
[2026-04-30 05:32:48] [ID: 0] user information was wrong
[2026-04-30 05:32:53] [ID: 0] user information was wrong
[2026-04-30 05:32:58] [ID: 0] user information was wrong
[2026-04-30 05:33:03] [ID: 0] user information was wrong
[2026-04-30 05:33:09] [ID: 0] user information was wrong
[2026-04-30 05:33:14] [ID: 0] user information was wrong
